<?xml version="1.0" encoding="UTF-8"?>
<!-- Generated by org.testng.reporters.JUnitReportReporter -->
<testsuite hostname="PC2105" failures="0" tests="7" name="com.page.test.LoginPageTest" time="9.774" errors="0" timestamp="2024-09-04T15:47:52 IST" skipped="0">
  <testcase classname="com.page.test.LoginPageTest" name="verifyLoginPageOpened" time="1.465"/>
  <system-out/>
  <testcase classname="com.page.test.LoginPageTest" name="verifyUsernameTextboxDisplayed" time="1.402"/>
  <system-out/>
  <testcase classname="com.page.test.LoginPageTest" name="verifyPasswordTextboxDisplayed" time="1.410"/>
  <system-out/>
  <testcase classname="com.page.test.LoginPageTest" name="verifyLoginButtonIsDisplayed" time="1.412"/>
  <system-out/>
  <testcase classname="com.page.test.LoginPageTest" name="verifyLoginButtonEnabled" time="1.392"/>
  <system-out/>
  <testcase classname="com.page.test.LoginPageTest" name="verifyUsernameTextboxEmptyDefault" time="1.358"/>
  <system-out/>
  <testcase classname="com.page.test.LoginPageTest" name="verifyPasswordTextboxEmptyDefault" time="1.335"/>
  <system-out/>
</testsuite> <!-- com.page.test.LoginPageTest -->
